<?xml version="1.0" encoding="UTF-8"?>
<!-- Generated by org.testng.reporters.JUnitReportReporter -->
<testsuite skipped="0" hostname="LAPTOP-FFCI1MS4" name="TestPackg.Assertion_Example" tests="1" failures="0" timestamp="2021-06-20T10:48:56 IST" time="24.036" errors="0">
  <testcase name="test1" time="24.036" classname="TestPackg.Assertion_Example"/>
  <system-out/>
</testsuite> <!-- TestPackg.Assertion_Example -->
