<?xml version="1.0" encoding="UTF-8"?>
<!-- Generated by org.testng.reporters.JUnitReportReporter -->
<testsuite skipped="0" hostname="LAPTOP-FFCI1MS4" name="TestPackg.TestCase3" tests="3" failures="0" timestamp="2021-06-19T11:30:55 IST" time="0.010" errors="0">
  <testcase name="test3" time="0.007" classname="TestPackg.TestCase3"/>
  <system-out/>
  <testcase name="test2" time="0.002" classname="TestPackg.TestCase3"/>
  <system-out/>
  <testcase name="test1" time="0.001" classname="TestPackg.TestCase3"/>
  <system-out/>
</testsuite> <!-- TestPackg.TestCase3 -->
