<?xml version="1.0" encoding="UTF-8"?>
<!-- Generated by org.testng.reporters.JUnitReportReporter -->
<testsuite skipped="0" hostname="LAPTOP-FFCI1MS4" name="TestPackg.TestCase2" tests="1" failures="0" timestamp="2021-06-19T11:28:11 IST" time="0.001" errors="0">
  <testcase name="testcase2" time="0.001" classname="TestPackg.TestCase2"/>
  <system-out/>
</testsuite> <!-- TestPackg.TestCase2 -->
