<?xml version="1.0" encoding="UTF-8"?>
<!-- Generated by org.testng.reporters.JUnitReportReporter -->
<testsuite skipped="0" hostname="LAPTOP-FFCI1MS4" name="TestPackg.LoginTestNG" tests="1" failures="0" timestamp="2021-06-20T10:46:49 IST" time="22.985" errors="0">
  <testcase name="test1" time="22.985" classname="TestPackg.LoginTestNG"/>
  <system-out/>
</testsuite> <!-- TestPackg.LoginTestNG -->
