<?xml version="1.0" encoding="UTF-8"?>
<!-- Generated by org.testng.reporters.JUnitReportReporter -->
<testsuite skipped="0" hostname="LAPTOP-FFCI1MS4" name="TestPackg.TestCase1" tests="2" failures="0" timestamp="2021-06-19T11:28:11 IST" time="0.007" errors="0">
  <testcase name="LoginTest" time="0.006" classname="TestPackg.TestCase1"/>
  <system-out/>
  <testcase name="SignUpTest" time="0.001" classname="TestPackg.TestCase1"/>
  <system-out/>
</testsuite> <!-- TestPackg.TestCase1 -->
